[2024-05-05 09:07:08 INFO - /home/tosic-killer/.cargo/registry/src/index.crates.io-6f17d22bba15001f/zbus-3.15.2/src/handshake.rs:382] perform;
[2024-05-05 09:07:08 INFO - /home/tosic-killer/.cargo/registry/src/index.crates.io-6f17d22bba15001f/zbus-3.15.2/src/handshake.rs:935] write_command; command=Auth(Some(External), Some([49, 48, 48, 48]))
[2024-05-05 09:07:08 INFO - /home/tosic-killer/.cargo/registry/src/index.crates.io-6f17d22bba15001f/zbus-3.15.2/src/handshake.rs:953] read_command;
[2024-05-05 09:07:08 INFO - /home/tosic-killer/.cargo/registry/src/index.crates.io-6f17d22bba15001f/zbus-3.15.2/src/handshake.rs:935] write_command; command=NegotiateUnixFD
[2024-05-05 09:07:08 INFO - /home/tosic-killer/.cargo/registry/src/index.crates.io-6f17d22bba15001f/zbus-3.15.2/src/handshake.rs:953] read_command;
[2024-05-05 09:07:08 INFO - /home/tosic-killer/.cargo/registry/src/index.crates.io-6f17d22bba15001f/zbus-3.15.2/src/handshake.rs:935] write_command; command=Begin
[2024-05-05 09:07:08 INFO - /home/tosic-killer/.cargo/registry/src/index.crates.io-6f17d22bba15001f/zbus-3.15.2/src/socket_reader.rs:33] socket reader;
[2024-05-05 09:07:26 INFO - ArmoryAtlasLib/src/tui/key_events.rs:26] moving to next page
[2024-05-05 09:07:26 INFO - ArmoryAtlasLib/src/tui/key_events.rs:28] new page: 1
[2024-05-05 09:07:26 INFO - ArmoryAtlasLib/src/tui/key_events.rs:14] Moving to prev page!
[2024-05-05 09:07:26 INFO - ArmoryAtlasLib/src/tui/key_events.rs:17] new page: 0
[2024-05-05 09:07:26 INFO - ArmoryAtlasLib/src/tui/key_events.rs:26] moving to next page
[2024-05-05 09:07:26 INFO - ArmoryAtlasLib/src/tui/key_events.rs:28] new page: 1
[2024-05-05 09:07:27 INFO - ArmoryAtlasLib/src/tui/key_events.rs:14] Moving to prev page!
[2024-05-05 09:07:27 INFO - ArmoryAtlasLib/src/tui/key_events.rs:17] new page: 0
[2024-05-05 09:07:28 INFO - ArmoryAtlasLib/src/tui/key_events.rs:14] Moving to prev page!
[2024-05-05 09:07:28 INFO - ArmoryAtlasLib/src/tui/key_events.rs:26] moving to next page
[2024-05-05 09:07:28 INFO - ArmoryAtlasLib/src/tui/key_events.rs:28] new page: 0
[2024-05-05 09:07:29 INFO - ArmoryAtlasLib/src/tui/key_events.rs:14] Moving to prev page!
[2024-05-05 09:07:29 INFO - ArmoryAtlasLib/src/tui/key_events.rs:26] moving to next page
[2024-05-05 09:07:29 INFO - ArmoryAtlasLib/src/tui/key_events.rs:28] new page: 0
[2024-05-05 09:07:30 INFO - ArmoryAtlasLib/src/tui/key_events.rs:14] Moving to prev page!
[2024-05-05 09:07:30 INFO - ArmoryAtlasLib/src/tui/key_events.rs:26] moving to next page
[2024-05-05 09:07:30 INFO - ArmoryAtlasLib/src/tui/key_events.rs:28] new page: 0
